<?xml version="1.0" encoding="UTF-8"?>
<!-- Generated by org.testng.reporters.JUnitReportReporter -->
<testsuite skipped="0" hostname="rckstr" name="TestRun.TestRunner" tests="1" failures="0" timestamp="26 Mar 2020 14:11:08 GMT" time="23.471" errors="0">
  <testcase name="TestRun" time="23.471" classname="TestRun.TestRunner"/>
</testsuite> <!-- TestRun.TestRunner -->
