<?xml version="1.0" encoding="UTF-8"?>
<!-- Generated by org.testng.reporters.JUnitReportReporter -->
<testsuite skipped="0" hostname="rckstr" name="TestRun.TestRunner" tests="1" failures="0" timestamp="21 Mar 2020 04:29:55 GMT" time="8.018" errors="0">
  <testcase name="TestRun" time="8.018" classname="TestRun.TestRunner"/>
</testsuite> <!-- TestRun.TestRunner -->
