<?xml version="1.0" encoding="UTF-8"?>
<!-- Generated by org.testng.reporters.JUnitReportReporter -->
<testsuite skipped="0" hostname="rckstr" name="TestRun.TestRun" tests="1" failures="0" timestamp="21 Mar 2020 03:53:23 GMT" time="8.037" errors="0">
  <testcase name="TestRun" time="8.037" classname="TestRun.TestRun"/>
</testsuite> <!-- TestRun.TestRun -->
