<?xml version="1.0" encoding="UTF-8"?>
<!-- Generated by org.testng.reporters.JUnitReportReporter -->
<testsuite skipped="0" hostname="rckstr" name="TestRun.UTIL" tests="1" failures="0" timestamp="21 Mar 2020 02:19:00 GMT" time="0.013" errors="0">
  <testcase name="getFailedXMLCount" time="0.013" classname="TestRun.UTIL"/>
</testsuite> <!-- TestRun.UTIL -->
