<?xml version="1.0" encoding="UTF-8"?>
<!-- Generated by org.testng.reporters.JUnitReportReporter -->
<testsuite skipped="0" hostname="rckstr" name="TestRun.As" tests="1" failures="0" timestamp="26 Mar 2020 08:02:01 GMT" time="0.013" errors="0">
  <testcase name="Test" time="0.013" classname="TestRun.As"/>
</testsuite> <!-- TestRun.As -->
