<?xml version="1.0" encoding="UTF-8"?>
<!-- Generated by org.testng.reporters.JUnitReportReporter -->
<testsuite skipped="0" hostname="rckstr" name="TestRun.TestRun" tests="1" failures="0" timestamp="20 Mar 2020 21:15:15 GMT" time="10.079" errors="0">
  <testcase name="TestRun" time="10.079" classname="TestRun.TestRun"/>
</testsuite> <!-- TestRun.TestRun -->
