<?xml version="1.0" encoding="UTF-8"?>
<!-- Generated by org.testng.reporters.JUnitReportReporter -->
<testsuite skipped="0" hostname="rckstr" name="TestRun.TestRunner" tests="1" failures="0" timestamp="21 Mar 2020 07:33:52 GMT" time="2.994" errors="0">
  <testcase name="TestRun" time="2.994" classname="TestRun.TestRunner"/>
</testsuite> <!-- TestRun.TestRunner -->
