<?xml version="1.0" encoding="UTF-8"?>
<!-- Generated by org.testng.reporters.JUnitReportReporter -->
<testsuite skipped="0" hostname="rckstr" name="TestRun.RetryFailedTest" tests="1" failures="0" timestamp="02 Apr 2020 08:56:20 GMT" time="1.814" errors="0">
  <testcase name="TestRun" time="1.814" classname="TestRun.RetryFailedTest"/>
</testsuite> <!-- TestRun.RetryFailedTest -->
