<?xml version="1.0" encoding="UTF-8"?>
<!-- Generated by org.testng.reporters.JUnitReportReporter -->
<testsuite skipped="0" hostname="rckstr" name="TestRun.TestRunner" tests="1" failures="0" timestamp="21 Mar 2020 05:09:38 GMT" time="4.962" errors="0">
  <testcase name="TestRun" time="4.962" classname="TestRun.TestRunner"/>
</testsuite> <!-- TestRun.TestRunner -->
