<?xml version="1.0" encoding="UTF-8"?>
<!-- Generated by org.testng.reporters.JUnitReportReporter -->
<testsuite skipped="0" hostname="rckstr" name="TestRun.TestRun" tests="1" failures="0" timestamp="21 Mar 2020 01:34:30 GMT" time="162.435" errors="0">
  <testcase name="TestRun" time="162.435" classname="TestRun.TestRun"/>
</testsuite> <!-- TestRun.TestRun -->
