<?xml version="1.0" encoding="UTF-8"?>
<!-- Generated by org.testng.reporters.JUnitReportReporter -->
<testsuite skipped="0" hostname="rckstr" name="TestRun.TestRun" tests="1" failures="0" timestamp="20 Mar 2020 22:16:51 GMT" time="12.218" errors="0">
  <testcase name="TestRun" time="12.218" classname="TestRun.TestRun"/>
</testsuite> <!-- TestRun.TestRun -->
