<?xml version="1.0" encoding="UTF-8"?>
<!-- Generated by org.testng.reporters.JUnitReportReporter -->
<testsuite skipped="0" hostname="rckstr" name="TestRun.TestRunner" tests="1" failures="0" timestamp="21 Mar 2020 10:14:42 GMT" time="14.511" errors="0">
  <testcase name="TestRun" time="14.511" classname="TestRun.TestRunner"/>
</testsuite> <!-- TestRun.TestRunner -->
