<?xml version="1.0" encoding="UTF-8"?>
<!-- Generated by org.testng.reporters.JUnitReportReporter -->
<testsuite skipped="0" hostname="rckstr" name="TestRun.TestRunner" tests="1" failures="0" timestamp="21 Mar 2020 09:39:29 GMT" time="12.604" errors="0">
  <testcase name="TestRun" time="12.604" classname="TestRun.TestRunner"/>
</testsuite> <!-- TestRun.TestRunner -->
