<?xml version="1.0" encoding="UTF-8"?>
<!-- Generated by org.testng.reporters.JUnitReportReporter -->
<testsuite skipped="0" hostname="rckstr" name="TestRun.UTIL" tests="1" failures="0" timestamp="20 Mar 2020 21:13:38 GMT" time="0.724" errors="0">
  <testcase name="deleteInputXml" time="0.724" classname="TestRun.UTIL"/>
</testsuite> <!-- TestRun.UTIL -->
