<?xml version="1.0" encoding="UTF-8"?>
<!-- Generated by org.testng.reporters.JUnitReportReporter -->
<testsuite skipped="0" hostname="rckstr" name="Config_manager.ConfigurationManager" tests="1" failures="0" timestamp="02 Apr 2020 05:50:35 GMT" time="0.012" errors="0">
  <testcase name="getRequest_XML" time="0.012" classname="Config_manager.ConfigurationManager"/>
</testsuite> <!-- Config_manager.ConfigurationManager -->
