<?xml version="1.0" encoding="UTF-8"?>
<!-- Generated by org.testng.reporters.JUnitReportReporter -->
<testsuite skipped="0" hostname="rckstr" name="TestRun.RetryFailedTest" tests="1" failures="0" timestamp="21 Mar 2020 05:12:33 GMT" time="1.812" errors="0">
  <testcase name="TestRun" time="1.812" classname="TestRun.RetryFailedTest"/>
</testsuite> <!-- TestRun.RetryFailedTest -->
