<?xml version="1.0" encoding="UTF-8"?>
<!-- Generated by org.testng.reporters.JUnitReportReporter -->
<testsuite skipped="0" hostname="rckstr" name="TestRun.TestRunner" tests="1" failures="0" timestamp="02 Apr 2020 09:41:37 GMT" time="7.481" errors="0">
  <testcase name="TestRun" time="7.481" classname="TestRun.TestRunner"/>
</testsuite> <!-- TestRun.TestRunner -->
